#-----------------------------------------------------------
# Vivado v2019.2 (64-bit)
# SW Build 2708876 on Wed Nov  6 21:40:23 MST 2019
# IP Build 2700528 on Thu Nov  7 00:09:20 MST 2019
# Start of session at: Wed Jul 23 14:21:36 2025
# Process ID: 4512
# Current directory: C:/Users/Rahul/project_1
# Command line: vivado.exe -gui_launcher_event rodinguilauncherevent5100 C:\Users\Rahul\project_1\project_1.xpr
# Log file: C:/Users/Rahul/project_1/vivado.log
# Journal file: C:/Users/Rahul/project_1\vivado.jou
#-----------------------------------------------------------
start_gui
open_project C:/Users/Rahul/project_1/project_1.xpr
Scanning sources...
Finished scanning sources
INFO: [IP_Flow 19-234] Refreshing IP repositories
INFO: [IP_Flow 19-1704] No user IP repositories specified
INFO: [IP_Flow 19-2313] Loaded Vivado IP repository 'D:/Vivado/2019.2/data/ip'.
open_project: Time (s): cpu = 00:00:31 ; elapsed = 00:00:25 . Memory (MB): peak = 844.977 ; gain = 241.855
update_compile_order -fileset sources_1
exit
INFO: [Common 17-206] Exiting Vivado at Wed Jul 23 14:23:18 2025...

